<?xml version="1.0" encoding="UTF-8"?>
<!-- Generated by org.testng.reporters.JUnitXMLReporter -->
<testsuite hostname="DESKTOP-3M3FMOC" ignored="0" name="Validating Login" tests="2" failures="0" timestamp="23 Aug 2021 11:03:57 GMT" time="0.043" errors="0">
  <testcase name="@BeforeMethod initialize" time="0.008" classname="FrameWork.Selenium.Homepage">
    <failure type="java.lang.NullPointerException">
      <![CDATA[java.lang.NullPointerException
at resources.Baseclass.initalizeDriver(Baseclass.java:42)
at FrameWork.Selenium.Homepage.initialize(Homepage.java:23)
at java.util.concurrent.FutureTask.run(FutureTask.java:266)
at java.util.concurrent.ThreadPoolExecutor.runWorker(ThreadPoolExecutor.java:1149)
at java.util.concurrent.ThreadPoolExecutor$Worker.run(ThreadPoolExecutor.java:624)
at java.lang.Thread.run(Thread.java:748)
... Removed 19 stack frames]]>
    </failure>
  </testcase> <!-- @BeforeMethod initialize -->
  <testcase name="@BeforeMethod initialize" time="0.008" classname="FrameWork.Selenium.ValidateTitle">
    <failure type="java.lang.NullPointerException">
      <![CDATA[java.lang.NullPointerException
at resources.Baseclass.initalizeDriver(Baseclass.java:42)
at FrameWork.Selenium.ValidateTitle.initialize(ValidateTitle.java:20)
at java.util.concurrent.FutureTask.run(FutureTask.java:266)
at java.util.concurrent.ThreadPoolExecutor.runWorker(ThreadPoolExecutor.java:1149)
at java.util.concurrent.ThreadPoolExecutor$Worker.run(ThreadPoolExecutor.java:624)
at java.lang.Thread.run(Thread.java:748)
... Removed 19 stack frames]]>
    </failure>
  </testcase> <!-- @BeforeMethod initialize -->
  <testcase name="@AfterMethod tearDown" time="0.0" classname="FrameWork.Selenium.Homepage">
    <skipped/>
  </testcase> <!-- @AfterMethod tearDown -->
  <testcase name="@AfterMethod teardown" time="0.0" classname="FrameWork.Selenium.ValidateTitle">
    <skipped/>
  </testcase> <!-- @AfterMethod teardown -->
  <testcase name="@BeforeMethod initialize" time="0.0" classname="FrameWork.Selenium.Homepage">
    <skipped/>
  </testcase> <!-- @BeforeMethod initialize -->
  <testcase name="@AfterMethod tearDown" time="0.0" classname="FrameWork.Selenium.Homepage">
    <skipped/>
  </testcase> <!-- @AfterMethod tearDown -->
  <testcase name="basePageNavigation" time="0.001" classname="FrameWork.Selenium.Homepage">
    <skipped/>
  </testcase> <!-- basePageNavigation -->
  <testcase name="basePageNavigation" time="0.0" classname="FrameWork.Selenium.Homepage">
    <skipped/>
  </testcase> <!-- basePageNavigation -->
</testsuite> <!-- Validating Login -->
